<?xml version="1.0" encoding="UTF-8"?>
<!-- Generated by org.testng.reporters.JUnitXMLReporter -->
<testsuite hostname="ChinmayPC" ignored="0" name="Test" tests="3" failures="0" timestamp="12 May 2019 04:56:08 GMT" time="34.119" errors="0">
  <testcase name="launchBrowserValidatePageTitle" time="10.831" classname="testCases.TestCase2"/>
  <testcase name="hideVisibleAdScreen" time="0.864" classname="testCases.TestCase2"/>
  <testcase name="registration" time="13.836" classname="testCases.TestCase2"/>
</testsuite> <!-- Test -->
