<?xml version="1.0" encoding="UTF-8"?>
<!-- Generated by org.testng.reporters.JUnitXMLReporter -->
<testsuite hostname="ChinmayPC" ignored="0" name="Test" tests="4" failures="0" timestamp="25 Apr 2019 03:19:51 GMT" time="66.382" errors="0">
  <testcase name="openUrl" time="5.247" classname="testCases.TestCases"/>
  <testcase name="hideToggleAd" time="21.481" classname="testCases.TestCases"/>
  <testcase name="newRegistrationPageHeader" time="3.866" classname="testCases.TestCases"/>
  <testcase name="newRegistration" time="5.234" classname="testCases.TestCases"/>
</testsuite> <!-- Test -->
