<?xml version="1.0" encoding="UTF-8"?>
<testng-results skipped="0" failed="0" ignored="0" total="3" passed="3">
  <reporter-output>
  </reporter-output>
  <suite name="Suite" duration-ms="34119" started-at="2019-05-12T04:55:34Z" finished-at="2019-05-12T04:56:08Z">
    <groups>
    </groups>
    <test name="Test" duration-ms="34119" started-at="2019-05-12T04:55:34Z" finished-at="2019-05-12T04:56:08Z">
      <class name="testCases.TestCase2">
        <test-method status="PASS" signature="setUp(java.lang.String)[pri:0, instance:testCases.TestCase2@78186a70]" name="setUp" is-config="true" duration-ms="3914" started-at="2019-05-12T04:55:34Z" finished-at="2019-05-12T04:55:38Z">
          <params>
            <param index="0">
              <value>
                <![CDATA[chrome]]>
              </value>
            </param>
          </params>
          <reporter-output>
          </reporter-output>
        </test-method> <!-- setUp -->
        <test-method status="PASS" signature="getMethodName(java.lang.reflect.Method)[pri:0, instance:testCases.TestCase2@78186a70]" name="getMethodName" is-config="true" duration-ms="400" started-at="2019-05-12T04:55:38Z" finished-at="2019-05-12T04:55:39Z">
          <params>
            <param index="0">
              <value>
                <![CDATA[public void testCases.TestCase2.launchBrowserValidatePageTitle() throws java.io.IOException]]>
              </value>
            </param>
          </params>
          <reporter-output>
          </reporter-output>
        </test-method> <!-- getMethodName -->
        <test-method status="PASS" signature="launchBrowserValidatePageTitle()[pri:0, instance:testCases.TestCase2@78186a70]" name="launchBrowserValidatePageTitle" duration-ms="10831" started-at="2019-05-12T04:55:39Z" finished-at="2019-05-12T04:55:50Z">
          <reporter-output>
          </reporter-output>
        </test-method> <!-- launchBrowserValidatePageTitle -->
        <test-method status="PASS" signature="getTestExecutionStatus(org.testng.ITestResult)[pri:0, instance:testCases.TestCase2@78186a70]" name="getTestExecutionStatus" is-config="true" duration-ms="767" started-at="2019-05-12T04:55:50Z" finished-at="2019-05-12T04:55:50Z">
          <params>
            <param index="0">
              <value>
                <![CDATA[[TestResult name=launchBrowserValidatePageTitle status=SUCCESS method=TestCase2.launchBrowserValidatePageTitle()[pri:0, instance:testCases.TestCase2@78186a70] output={null}]]]>
              </value>
            </param>
          </params>
          <reporter-output>
          </reporter-output>
        </test-method> <!-- getTestExecutionStatus -->
        <test-method status="PASS" signature="getMethodName(java.lang.reflect.Method)[pri:0, instance:testCases.TestCase2@78186a70]" name="getMethodName" is-config="true" duration-ms="727" started-at="2019-05-12T04:55:50Z" finished-at="2019-05-12T04:55:51Z">
          <params>
            <param index="0">
              <value>
                <![CDATA[public void testCases.TestCase2.hideVisibleAdScreen() throws java.io.IOException]]>
              </value>
            </param>
          </params>
          <reporter-output>
          </reporter-output>
        </test-method> <!-- getMethodName -->
        <test-method status="PASS" signature="hideVisibleAdScreen()[pri:1, instance:testCases.TestCase2@78186a70]" name="hideVisibleAdScreen" duration-ms="864" started-at="2019-05-12T04:55:51Z" finished-at="2019-05-12T04:55:52Z">
          <reporter-output>
          </reporter-output>
        </test-method> <!-- hideVisibleAdScreen -->
        <test-method status="PASS" signature="getTestExecutionStatus(org.testng.ITestResult)[pri:0, instance:testCases.TestCase2@78186a70]" name="getTestExecutionStatus" is-config="true" duration-ms="543" started-at="2019-05-12T04:55:52Z" finished-at="2019-05-12T04:55:52Z">
          <params>
            <param index="0">
              <value>
                <![CDATA[[TestResult name=hideVisibleAdScreen status=SUCCESS method=TestCase2.hideVisibleAdScreen()[pri:1, instance:testCases.TestCase2@78186a70] output={null}]]]>
              </value>
            </param>
          </params>
          <reporter-output>
          </reporter-output>
        </test-method> <!-- getTestExecutionStatus -->
        <test-method status="PASS" signature="getMethodName(java.lang.reflect.Method)[pri:0, instance:testCases.TestCase2@78186a70]" name="getMethodName" is-config="true" duration-ms="522" started-at="2019-05-12T04:55:52Z" finished-at="2019-05-12T04:55:53Z">
          <params>
            <param index="0">
              <value>
                <![CDATA[public void testCases.TestCase2.registration() throws java.io.IOException]]>
              </value>
            </param>
          </params>
          <reporter-output>
          </reporter-output>
        </test-method> <!-- getMethodName -->
        <test-method status="PASS" signature="registration()[pri:2, instance:testCases.TestCase2@78186a70]" name="registration" duration-ms="13836" started-at="2019-05-12T04:55:53Z" finished-at="2019-05-12T04:56:07Z">
          <reporter-output>
          </reporter-output>
        </test-method> <!-- registration -->
        <test-method status="PASS" signature="getTestExecutionStatus(org.testng.ITestResult)[pri:0, instance:testCases.TestCase2@78186a70]" name="getTestExecutionStatus" is-config="true" duration-ms="595" started-at="2019-05-12T04:56:07Z" finished-at="2019-05-12T04:56:07Z">
          <params>
            <param index="0">
              <value>
                <![CDATA[[TestResult name=registration status=SUCCESS method=TestCase2.registration()[pri:2, instance:testCases.TestCase2@78186a70] output={null}]]]>
              </value>
            </param>
          </params>
          <reporter-output>
          </reporter-output>
        </test-method> <!-- getTestExecutionStatus -->
        <test-method status="PASS" signature="afterTest()[pri:0, instance:testCases.TestCase2@78186a70]" name="afterTest" is-config="true" duration-ms="1089" started-at="2019-05-12T04:56:07Z" finished-at="2019-05-12T04:56:08Z">
          <reporter-output>
          </reporter-output>
        </test-method> <!-- afterTest -->
      </class> <!-- testCases.TestCase2 -->
    </test> <!-- Test -->
  </suite> <!-- Suite -->
</testng-results>
